<?xml version="1.0" encoding="UTF-8"?>
<testng-results ignored="0" total="2" passed="2" failed="0" skipped="0">
  <reporter-output>
  </reporter-output>
  <suite started-at="2022-07-19T21:56:20 IST" name="Suite" finished-at="2022-07-19T21:56:20 IST" duration-ms="39">
    <groups>
    </groups>
    <test started-at="2022-07-19T21:56:20 IST" name="Test" finished-at="2022-07-19T21:56:20 IST" duration-ms="39">
      <class name="dummyproject.DDemo1">
        <test-method signature="practisceTest1()[pri:0, instance:dummyproject.DDemo1@2805d709]" started-at="2022-07-19T21:56:20 IST" name="practisceTest1" finished-at="2022-07-19T21:56:20 IST" duration-ms="7" status="PASS">
          <reporter-output>
          </reporter-output>
        </test-method> <!-- practisceTest1 -->
        <test-method signature="practisceTest2()[pri:0, instance:dummyproject.DDemo1@2805d709]" started-at="2022-07-19T21:56:20 IST" name="practisceTest2" finished-at="2022-07-19T21:56:20 IST" duration-ms="1" status="PASS">
          <reporter-output>
          </reporter-output>
        </test-method> <!-- practisceTest2 -->
      </class> <!-- dummyproject.DDemo1 -->
    </test> <!-- Test -->
  </suite> <!-- Suite -->
</testng-results>
