<?xml version="1.0" encoding="UTF-8"?>
<testng-results ignored="0" total="1" passed="1" failed="0" skipped="0">
  <reporter-output>
  </reporter-output>
  <suite started-at="2022-07-20T15:21:40 IST" name="Default suite" finished-at="2022-07-20T15:21:40 IST" duration-ms="44">
    <groups>
    </groups>
    <test started-at="2022-07-20T15:21:40 IST" name="Default test" finished-at="2022-07-20T15:21:40 IST" duration-ms="44">
      <class name="dummyproject.DDemo1">
        <test-method signature="practisceTest1()[pri:0, instance:dummyproject.DDemo1@71a8adcf]" started-at="2022-07-20T15:21:40 IST" name="practisceTest1" finished-at="2022-07-20T15:21:40 IST" duration-ms="9" status="PASS">
          <reporter-output>
          </reporter-output>
        </test-method> <!-- practisceTest1 -->
      </class> <!-- dummyproject.DDemo1 -->
    </test> <!-- Default test -->
  </suite> <!-- Default suite -->
</testng-results>
